<?xml version="1.0" encoding="UTF-8"?>
<!-- Generated by org.testng.reporters.JUnitReportReporter -->
<testsuite hostname="Santhosh" failures="0" tests="3" name="testcases.TC_0002LoginTest" time="37.258" errors="0" timestamp="2025-08-05T21:25:31 IST" skipped="0">
  <testcase classname="testcases.TC_0002LoginTest" name="verify_login" time="8.308"/>
  <testcase classname="testcases.TC_0002LoginTest" name="verify_login" time="16.015"/>
  <testcase classname="testcases.TC_0002LoginTest" name="verify_login" time="12.935"/>
</testsuite> <!-- testcases.TC_0002LoginTest -->
