<?xml version="1.0" encoding="UTF-8"?>
<!-- Generated by org.testng.reporters.JUnitReportReporter -->
<testsuite hostname="Santhosh" failures="0" tests="1" name="testcases.TC_0002LoginTest" time="4.885" errors="0" timestamp="2025-08-07T21:26:53 IST" skipped="0">
  <testcase classname="testcases.TC_0002LoginTest" name="verify_login" time="4.885"/>
</testsuite> <!-- testcases.TC_0002LoginTest -->
